#
# There is insufficient memory for the Java Runtime Environment to continue.
# Native memory allocation (mmap) failed to map 268435456 bytes for Failed to commit area from 0x0000000701800000 to 0x0000000711800000 of length 268435456.
# Possible reasons:
#   The system is out of physical RAM or swap space
#   The process is running with CompressedOops enabled, and the Java Heap may be blocking the growth of the native heap
# Possible solutions:
#   Reduce memory load on the system
#   Increase physical memory or swap space
#   Check if swap backing store is full
#   Decrease Java heap size (-Xmx/-Xms)
#   Decrease number of Java threads
#   Decrease Java thread stack sizes (-Xss)
#   Set larger code cache with -XX:ReservedCodeCacheSize=
# This output file may be truncated or incomplete.
#
#  Out of Memory Error (./src/hotspot/os/windows/os_windows.cpp:3303), pid=14288, tid=13788
#
# JRE version:  (11.0.8+10) (build )
# Java VM: OpenJDK 64-Bit Server VM (11.0.8+10-b944.31, mixed mode, sharing, tiered, compressed oops, g1 gc, windows-amd64)
# No core dump will be written. Minidumps are not enabled by default on client versions of Windows
#

---------------  S U M M A R Y ------------

Command Line: org.jetbrains.git4idea.http.GitAskPassApp Username for 'https://github.com': 

Host: Intel(R) Core(TM) i5-6300U CPU @ 2.40GHz, 4 cores, 15G,  Windows 10 , 64 bit Build 19041 (10.0.19041.804)
Time: Tue Feb 23 04:33:09 2021 Bangladesh Standard Time elapsed time: 0 seconds (0d 0h 0m 0s)

---------------  T H R E A D  ---------------

Current thread (0x000001cc21e8b800):  JavaThread "Unknown thread" [_thread_in_vm, id=13788, stack(0x000000859c100000,0x000000859c200000)]

Stack: [0x000000859c100000,0x000000859c200000]
Native frames: (J=compiled Java code, j=interpreted, Vv=VM code, C=native code)
V  [jvm.dll+0x5de35a]
V  [jvm.dll+0x712355]
V  [jvm.dll+0x7138ad]
V  [jvm.dll+0x713f63]
V  [jvm.dll+0x23e628]
V  [jvm.dll+0x5db804]
V  [jvm.dll+0x5d0925]
V  [jvm.dll+0x2faf9b]
V  [jvm.dll+0x2faf0a]
V  [jvm.dll+0x2fade2]
V  [jvm.dll+0x2ffcb6]
V  [jvm.dll+0x3483a3]
V  [jvm.dll+0x348aa6]
V  [jvm.dll+0x3484a3]
V  [jvm.dll+0x2d5be8]
V  [jvm.dll+0x2d6d87]
V  [jvm.dll+0x6f10e7]
V  [jvm.dll+0x6f28dc]
V  [jvm.dll+0x3558f9]
V  [jvm.dll+0x6d492e]
V  [jvm.dll+0x3bdad3]
V  [jvm.dll+0x3bfd01]
C  [jli.dll+0x5373]
C  [ucrtbase.dll+0x21bb2]
C  [KERNEL32.DLL+0x17034]
C  [ntdll.dll+0x4d241]


---------------  P R O C E S S  ---------------

Threads class SMR info:
_java_thread_list=0x000001cc21d90790, length=0, elements={
}

Java Threads: ( => current thread )

Other Threads:
  0x000001cc21ea8800 GCTaskThread "GC Thread#0" [stack: 0x000000859c200000,0x000000859c300000] [id=4624]
  0x000001cc21f03800 ConcurrentGCThread "G1 Main Marker" [stack: 0x000000859c300000,0x000000859c400000] [id=13920]
  0x000001cc21f04800 ConcurrentGCThread "G1 Conc#0" [stack: 0x000000859c400000,0x000000859c500000] [id=13420]

[error occurred during error reporting (printing all threads), id 0xc0000005, EXCEPTION_ACCESS_VIOLATION (0xc0000005) at pc=0x00007ffd0e4360c7]

VM state:not at safepoint (not fully initialized)

VM Mutex/Monitor currently owned by a thread:  ([mutex/lock_event])
[0x000001cc21e88790] Heap_lock - owner thread: 0x000001cc21e8b800

Heap address: 0x0000000701800000, size: 4072 MB, Compressed Oops mode: Non-zero based: 0x0000000701800000
Narrow klass base: 0x0000000000000000, Narrow klass shift: 0

GC Heap History (0 events):
No events

Deoptimization events (0 events):
No events

Classes redefined (0 events):
No events

Internal exceptions (0 events):
No events

Events (1 events):
Event: 0.011 Loaded shared library C:\Program Files\JetBrains\IntelliJ IDEA 2020.2.2(1)\jbr\bin\zip.dll


Dynamic libraries:
0x00007ff6f2a70000 - 0x00007ff6f2a7a000 	C:\Program Files\JetBrains\IntelliJ IDEA 2020.2.2(1)\jbr\bin\java.exe
0x00007ffd6c750000 - 0x00007ffd6c946000 	C:\WINDOWS\SYSTEM32\ntdll.dll
0x00007ffd6b0d0000 - 0x00007ffd6b18d000 	C:\WINDOWS\System32\KERNEL32.DLL
0x00007ffd6a010000 - 0x00007ffd6a2d9000 	C:\WINDOWS\System32\KERNELBASE.dll
0x00007ffd6a630000 - 0x00007ffd6a730000 	C:\WINDOWS\System32\ucrtbase.dll
0x00007ffd44310000 - 0x00007ffd44327000 	C:\Program Files\JetBrains\IntelliJ IDEA 2020.2.2(1)\jbr\bin\VCRUNTIME140.dll
0x00007ffd42f30000 - 0x00007ffd42f49000 	C:\Program Files\JetBrains\IntelliJ IDEA 2020.2.2(1)\jbr\bin\jli.dll
0x00007ffd6c480000 - 0x00007ffd6c620000 	C:\WINDOWS\System32\USER32.dll
0x00007ffd69fe0000 - 0x00007ffd6a002000 	C:\WINDOWS\System32\win32u.dll
0x00007ffd5aa20000 - 0x00007ffd5acbb000 	C:\WINDOWS\WinSxS\amd64_microsoft.windows.common-controls_6595b64144ccf1df_6.0.19041.746_none_ca02b4b61b8320a4\COMCTL32.dll
0x00007ffd6acd0000 - 0x00007ffd6acfa000 	C:\WINDOWS\System32\GDI32.dll
0x00007ffd6a4c0000 - 0x00007ffd6a5cb000 	C:\WINDOWS\System32\gdi32full.dll
0x00007ffd6ab80000 - 0x00007ffd6ac1e000 	C:\WINDOWS\System32\msvcrt.dll
0x00007ffd69f40000 - 0x00007ffd69fdd000 	C:\WINDOWS\System32\msvcp_win.dll
0x00007ffd6ad80000 - 0x00007ffd6adb0000 	C:\WINDOWS\System32\IMM32.DLL
0x00007ffd31360000 - 0x00007ffd313fd000 	C:\Program Files\JetBrains\IntelliJ IDEA 2020.2.2(1)\jbr\bin\msvcp140.dll
0x00007ffd0e150000 - 0x00007ffd0ec0d000 	C:\Program Files\JetBrains\IntelliJ IDEA 2020.2.2(1)\jbr\bin\server\jvm.dll
0x00007ffd6ac20000 - 0x00007ffd6accc000 	C:\WINDOWS\System32\ADVAPI32.dll
0x00007ffd6aee0000 - 0x00007ffd6af7c000 	C:\WINDOWS\System32\sechost.dll
0x00007ffd6adb0000 - 0x00007ffd6aedb000 	C:\WINDOWS\System32\RPCRT4.dll
0x00007ffd6ab70000 - 0x00007ffd6ab78000 	C:\WINDOWS\System32\PSAPI.DLL
0x00007ffd642a0000 - 0x00007ffd642a9000 	C:\WINDOWS\SYSTEM32\WSOCK32.dll
0x00007ffd5d370000 - 0x00007ffd5d37a000 	C:\WINDOWS\SYSTEM32\VERSION.dll
0x00007ffd53010000 - 0x00007ffd53037000 	C:\WINDOWS\SYSTEM32\WINMM.dll
0x00007ffd6af80000 - 0x00007ffd6afeb000 	C:\WINDOWS\System32\WS2_32.dll
0x00007ffd68760000 - 0x00007ffd68772000 	C:\WINDOWS\SYSTEM32\kernel.appcore.dll
0x00007ffd62440000 - 0x00007ffd62451000 	C:\Program Files\JetBrains\IntelliJ IDEA 2020.2.2(1)\jbr\bin\verify.dll
0x00007ffd67db0000 - 0x00007ffd67f94000 	C:\WINDOWS\SYSTEM32\DBGHELP.DLL
0x00007ffd52950000 - 0x00007ffd5297c000 	C:\WINDOWS\SYSTEM32\dbgcore.DLL
0x00007ffd6a2e0000 - 0x00007ffd6a360000 	C:\WINDOWS\System32\bcryptPrimitives.dll
0x00007ffd61b20000 - 0x00007ffd61b49000 	C:\Program Files\JetBrains\IntelliJ IDEA 2020.2.2(1)\jbr\bin\java.dll
0x00007ffd64280000 - 0x00007ffd6428b000 	C:\Program Files\JetBrains\IntelliJ IDEA 2020.2.2(1)\jbr\bin\jimage.dll
0x00007ffd61b00000 - 0x00007ffd61b18000 	C:\Program Files\JetBrains\IntelliJ IDEA 2020.2.2(1)\jbr\bin\zip.dll

dbghelp: loaded successfully - version: 4.0.5 - missing functions: none
symbol engine: initialized successfully - sym options: 0x614 - pdb path: .;C:\Program Files\JetBrains\IntelliJ IDEA 2020.2.2(1)\jbr\bin;C:\WINDOWS\SYSTEM32;C:\WINDOWS\WinSxS\amd64_microsoft.windows.common-controls_6595b64144ccf1df_6.0.19041.746_none_ca02b4b61b8320a4;C:\Program Files\JetBrains\IntelliJ IDEA 2020.2.2(1)\jbr\bin\server

VM Arguments:
java_command: org.jetbrains.git4idea.http.GitAskPassApp Username for 'https://github.com': 
java_class_path (initial): C:/Program Files/JetBrains/IntelliJ IDEA 2020.2.2(1)/plugins/git4idea/lib/git4idea-rt.jar;C:/Program Files/JetBrains/IntelliJ IDEA 2020.2.2(1)/lib/xmlrpc-2.0.1.jar;C:/Program Files/JetBrains/IntelliJ IDEA 2020.2.2(1)/lib/commons-codec-1.14.jar
Launcher Type: SUN_STANDARD

[Global flags]
     intx CICompilerCount                          = 3                                         {product} {ergonomic}
     uint ConcGCThreads                            = 1                                         {product} {ergonomic}
     uint G1ConcRefinementThreads                  = 4                                         {product} {ergonomic}
   size_t G1HeapRegionSize                         = 1048576                                   {product} {ergonomic}
    uintx GCDrainStackTargetSize                   = 64                                        {product} {ergonomic}
   size_t InitialHeapSize                          = 268435456                                 {product} {ergonomic}
   size_t MarkStackSize                            = 4194304                                   {product} {ergonomic}
   size_t MaxHeapSize                              = 4269801472                                {product} {ergonomic}
   size_t MinHeapDeltaBytes                        = 1048576                                   {product} {ergonomic}
    uintx NonNMethodCodeHeapSize                   = 5830732                                {pd product} {ergonomic}
    uintx NonProfiledCodeHeapSize                  = 122913754                              {pd product} {ergonomic}
    uintx ProfiledCodeHeapSize                     = 122913754                              {pd product} {ergonomic}
    uintx ReservedCodeCacheSize                    = 251658240                              {pd product} {ergonomic}
     bool SegmentedCodeCache                       = true                                      {product} {ergonomic}
     bool UseCompressedClassPointers               = true                                 {lp64_product} {ergonomic}
     bool UseCompressedOops                        = true                                 {lp64_product} {ergonomic}
     bool UseG1GC                                  = true                                      {product} {ergonomic}
     bool UseLargePagesIndividualAllocation        = false                                  {pd product} {ergonomic}

Logging:
Log output configuration:
 #0: stdout all=warning uptime,level,tags
 #1: stderr all=off uptime,level,tags

Environment Variables:
JAVA_HOME=C:\Program Files\Java\jdk1.8.0_151
PATH=C:/Program Files/Git/mingw64/libexec/git-core;C:/Program Files/Git/mingw64/libexec/git-core;C:\Program Files\Git\mingw64\bin;C:\Program Files\Git\usr\bin;C:\Users\ovi\bin;C:\Program Files\Common Files\Oracle\Java\javapath;C:\Program Files\Java\jdk1.8.0_151\bin;C:\ProgramData\Oracle\Java\javapath;C:\WINDOWS\system32;C:\WINDOWS;C:\WINDOWS\System32\Wbem;C:\WINDOWS\System32\WindowsPowerShell\v1.0\;C:\WINDOWS\System32\OpenSSH\;C:\Program Files\nodejs\;C:\Program Files\Microsoft SQL Server\Client SDK\ODBC\170\Tools\Binn\;C:\Program Files (x86)\Microsoft SQL Server\150\Tools\Binn\;C:\Program Files\Microsoft SQL Server\150\Tools\Binn\;C:\Program Files\Microsoft SQL Server\150\DTS\Binn\;C:\Program Files (x86)\Intel\Intel(R) Management Engine Components\DAL;C:\Program Files\Intel\Intel(R) Management Engine Components\DAL;C:\Program Files\Git\cmd;C:\Program Files\dotnet\;C:\Program Files\Microsoft SQL Server\130\Tools\Binn\;C:\Program Files (x86)\Microsoft SQL Server\150\DTS\Binn\;C:\Program Files\Azure Data Studio\bin;C:\Users\ovi\AppData\Local\Programs\Python\Python38\Scripts\;C:\Users\ovi\AppData\Local\Programs\Python\Python38\;C:\Users\ovi\AppData\Local\Microsoft\WindowsApps;C:\Users\ovi\AppData\Roaming\npm;C:\Users\ovi\AppData\Local\Programs\Microsoft VS Code\bin;C:\Users\ovi\.dotnet\tools;C:\Users\ovi\.dotnet\tools;C:\Program Files\Azure Data Studio\bin;C:\Users\ovi\AppData\Local\Programs\EmEditor
USERNAME=ovi
DISPLAY=:0.0
LC_ALL=en_US.UTF-8
OS=Windows_NT
PROCESSOR_IDENTIFIER=Intel64 Family 6 Model 78 Stepping 3, GenuineIntel



---------------  S Y S T E M  ---------------

OS: Windows 10 , 64 bit Build 19041 (10.0.19041.804)
OS uptime: 1 days 9:51 hours

CPU:total 4 (initial active 4) (2 cores per cpu, 2 threads per core) family 6 model 78 stepping 3, cmov, cx8, fxsr, mmx, sse, sse2, sse3, ssse3, sse4.1, sse4.2, popcnt, avx, avx2, aes, clmul, erms, rtm, 3dnowpref, lzcnt, ht, tsc, tscinvbit, bmi1, bmi2, adx, fma

Memory: 4k page, system-wide physical 16280M (2601M free)
TotalPageFile size 16280M (AvailPageFile size 225M)
current process WorkingSet (physical memory assigned to process): 10M, peak: 10M
current process commit charge ("private bytes"): 52M, peak: 307M

vm_info: OpenJDK 64-Bit Server VM (11.0.8+10-b944.31) for windows-amd64 JRE (11.0.8+10-b944.31), built on Aug  6 2020 12:27:04 by "" with MS VC++ 14.0 (VS2015)

END.
